C:\Program Files\Microsoft Visual Studio\2022\Community\MSBuild\Microsoft\VC\v170\Microsoft.Cpp.Analysis.props(24,5): warning MSB4211: The property "MsvcAnalysisPluginPath" is being set to a value for the first time, but it was already consumed at "C:\Program Files\Microsoft Visual Studio\2022\Community\MSBuild\Microsoft\VC\v170\Microsoft.CodeAnalysis.Extensions.props (33,5)".
  autofit.c
  ftbase.c
  ftbbox.c
  ftbdf.c
  ftbitmap.c
  ftcid.c
  ftfstype.c
  ftgasp.c
  ftglyph.c
  ftgxval.c
  ftinit.c
  ftmm.c
  ftotval.c
  ftpatent.c
  ftpfr.c
  ftstroke.c
  ftsynth.c
  fttype1.c
  ftwinfnt.c
  bdf.c
  Generating Code...
  Compiling...
  ftcache.c
  cff.c
  type1cid.c
  ftgzip.c
  ftlzw.c
  pcf.c
  pfr.c
  psaux.c
  pshinter.c
  psmodule.c
  raster.c
  sdf.c
  sfnt.c
  smooth.c
  svg.c
  truetype.c
  type1.c
  type42.c
  winfnt.c
  Generating Code...
  ftdebug.c
  ftsystem.c
  Generating Code...
     Creating library ..\..\..\objs\Win32\Release\freetype.lib and object ..\..\..\objs\Win32\Release\freetype.exp
  freetype.vcxproj -> C:\Users\Aleksa\Desktop\grafika\RadioProject\freetype-2.13.3\objs\Win32\Release\freetype.dll
